<?xml version="1.0" encoding="UTF-8"?>
<!-- Generated by org.testng.reporters.JUnitXMLReporter -->
<testsuite hostname="Jewells-MBP.home" ignored="3" tests="0" failures="0" timestamp="11 Feb 2019 04:40:40 GMT" time="0.004" errors="0">
  <testcase name="selectMultipleContactsTest" time="0.0" classname="com.crm.qa.testcases.ContactsPageTest">
    <ignored/>
  </testcase> <!-- selectMultipleContactsTest -->
  <testcase name="verifyContactsPageLabe" time="0.0" classname="com.crm.qa.testcases.ContactsPageTest">
    <ignored/>
  </testcase> <!-- verifyContactsPageLabe -->
  <testcase name="selectSingleContactsTest" time="0.0" classname="com.crm.qa.testcases.ContactsPageTest">
    <ignored/>
  </testcase> <!-- selectSingleContactsTest -->
</testsuite>
