<?xml version="1.0" encoding="UTF-8"?>
<testng-results skipped="0" failed="0" ignored="3" total="4" passed="1">
  <reporter-output>
  </reporter-output>
  <suite name="Default suite" duration-ms="7852" started-at="2019-02-25T19:33:04Z" finished-at="2019-02-25T19:33:12Z">
    <groups>
    </groups>
    <test name="Default test" duration-ms="7852" started-at="2019-02-25T19:33:04Z" finished-at="2019-02-25T19:33:12Z">
      <class name="com.crmpro.qa.tests.ContactsPageTest">
        <test-method status="PASS" signature="setUp()[pri:0, instance:com.crmpro.qa.tests.ContactsPageTest@5442a311]" name="setUp" is-config="true" duration-ms="7669" started-at="2019-02-25T19:33:04Z" finished-at="2019-02-25T19:33:11Z">
          <reporter-output>
          </reporter-output>
        </test-method> <!-- setUp -->
        <test-method status="PASS" signature="selectSingleContactsTest()[pri:2, instance:com.crmpro.qa.tests.ContactsPageTest@5442a311]" name="selectSingleContactsTest" duration-ms="68" started-at="2019-02-25T19:33:11Z" finished-at="2019-02-25T19:33:12Z">
          <reporter-output>
          </reporter-output>
        </test-method> <!-- selectSingleContactsTest -->
        <test-method status="PASS" signature="tearDown()[pri:0, instance:com.crmpro.qa.tests.ContactsPageTest@5442a311]" name="tearDown" is-config="true" duration-ms="97" started-at="2019-02-25T19:33:12Z" finished-at="2019-02-25T19:33:12Z">
          <reporter-output>
          </reporter-output>
        </test-method> <!-- tearDown -->
      </class> <!-- com.crmpro.qa.tests.ContactsPageTest -->
    </test> <!-- Default test -->
  </suite> <!-- Default suite -->
</testng-results>
