<?xml version="1.0" encoding="UTF-8"?>
<testng-results skipped="0" failed="0" ignored="3" total="4" passed="1">
  <reporter-output>
  </reporter-output>
  <suite name="Default suite" duration-ms="6410" started-at="2019-09-27T14:29:30Z" finished-at="2019-09-27T14:29:36Z">
    <groups>
    </groups>
    <test name="Default test" duration-ms="6410" started-at="2019-09-27T14:29:30Z" finished-at="2019-09-27T14:29:36Z">
      <class name="com.crmpro.qa.tests.ContactsPageTest">
        <test-method status="PASS" signature="setUp()[pri:0, instance:com.crmpro.qa.tests.ContactsPageTest@4f7d0008]" name="setUp" is-config="true" duration-ms="5802" started-at="2019-09-27T14:29:30Z" finished-at="2019-09-27T14:29:36Z">
          <reporter-output>
          </reporter-output>
        </test-method> <!-- setUp -->
        <test-method status="PASS" signature="verifyContactsPageLabe()[pri:1, instance:com.crmpro.qa.tests.ContactsPageTest@4f7d0008]" name="verifyContactsPageLabe" duration-ms="502" started-at="2019-09-27T14:29:36Z" finished-at="2019-09-27T14:29:36Z">
          <reporter-output>
          </reporter-output>
        </test-method> <!-- verifyContactsPageLabe -->
        <test-method status="PASS" signature="tearDown()[pri:0, instance:com.crmpro.qa.tests.ContactsPageTest@4f7d0008]" name="tearDown" is-config="true" duration-ms="86" started-at="2019-09-27T14:29:36Z" finished-at="2019-09-27T14:29:36Z">
          <reporter-output>
          </reporter-output>
        </test-method> <!-- tearDown -->
      </class> <!-- com.crmpro.qa.tests.ContactsPageTest -->
    </test> <!-- Default test -->
  </suite> <!-- Default suite -->
</testng-results>
